mode: set
project3/controllers/users_controllers.go:16.50,19.28 3 1
project3/controllers/users_controllers.go:22.2,24.21 3 1
project3/controllers/users_controllers.go:27.2,27.22 1 1
project3/controllers/users_controllers.go:30.2,32.15 3 1
project3/controllers/users_controllers.go:36.2,36.14 1 1
project3/controllers/users_controllers.go:39.2,40.16 2 1
project3/controllers/users_controllers.go:43.2,43.65 1 1
project3/controllers/users_controllers.go:19.28,21.3 1 1
project3/controllers/users_controllers.go:24.21,26.3 1 1
project3/controllers/users_controllers.go:27.22,29.3 1 1
project3/controllers/users_controllers.go:32.15,35.3 2 0
project3/controllers/users_controllers.go:36.14,38.3 1 1
project3/controllers/users_controllers.go:40.16,42.3 1 1
project3/controllers/users_controllers.go:46.47,49.31 3 1
project3/controllers/users_controllers.go:52.2,52.66 1 1
project3/controllers/users_controllers.go:49.31,51.3 1 1
project3/controllers/users_controllers.go:55.50,60.16 5 1
project3/controllers/users_controllers.go:63.2,63.65 1 1
project3/controllers/users_controllers.go:60.16,62.3 1 1
project3/controllers/users_controllers.go:66.50,69.16 3 1
project3/controllers/users_controllers.go:72.2,72.65 1 1
project3/controllers/users_controllers.go:69.16,71.3 1 1
project3/controllers/users_controllers.go:76.49,80.30 4 1
project3/controllers/users_controllers.go:84.2,84.68 1 0
project3/controllers/users_controllers.go:80.30,82.3 1 1
project3/controllers/users_controllers.go:87.48,89.2 1 1
project3/controllers/users_controllers.go:91.51,93.2 1 1
project3/controllers/users_controllers.go:95.51,97.2 1 1
