mode: set
project3/controllers/product_controllers.go:24.53,32.21 6 1
project3/controllers/product_controllers.go:35.2,39.21 5 0
project3/controllers/product_controllers.go:42.2,44.28 3 0
project3/controllers/product_controllers.go:47.2,48.21 2 0
project3/controllers/product_controllers.go:51.2,62.16 9 0
project3/controllers/product_controllers.go:67.2,67.65 1 0
project3/controllers/product_controllers.go:72.2,73.16 2 0
project3/controllers/product_controllers.go:77.2,78.18 2 0
project3/controllers/product_controllers.go:82.2,83.16 2 0
project3/controllers/product_controllers.go:87.2,87.29 1 0
project3/controllers/product_controllers.go:145.2,145.43 1 0
project3/controllers/product_controllers.go:156.2,159.4 1 0
project3/controllers/product_controllers.go:32.21,34.3 1 1
project3/controllers/product_controllers.go:39.21,41.3 1 0
project3/controllers/product_controllers.go:44.28,46.3 1 0
project3/controllers/product_controllers.go:48.21,50.3 1 0
project3/controllers/product_controllers.go:62.16,64.3 1 0
project3/controllers/product_controllers.go:67.65,69.3 1 0
project3/controllers/product_controllers.go:73.16,75.3 1 0
project3/controllers/product_controllers.go:78.18,80.3 1 0
project3/controllers/product_controllers.go:83.16,85.3 1 0
project3/controllers/product_controllers.go:87.29,88.34 1 0
project3/controllers/product_controllers.go:96.3,97.17 2 0
project3/controllers/product_controllers.go:100.3,104.17 4 0
project3/controllers/product_controllers.go:109.3,110.58 2 0
project3/controllers/product_controllers.go:118.3,120.45 2 0
project3/controllers/product_controllers.go:124.3,124.36 1 0
project3/controllers/product_controllers.go:128.3,129.17 2 0
project3/controllers/product_controllers.go:132.3,138.17 3 0
project3/controllers/product_controllers.go:88.34,94.4 2 0
project3/controllers/product_controllers.go:97.17,99.4 1 0
project3/controllers/product_controllers.go:104.17,107.4 2 0
project3/controllers/product_controllers.go:110.58,116.4 2 0
project3/controllers/product_controllers.go:120.45,122.4 1 0
project3/controllers/product_controllers.go:124.36,126.4 1 0
project3/controllers/product_controllers.go:129.17,131.4 1 0
project3/controllers/product_controllers.go:138.17,140.4 1 0
project3/controllers/product_controllers.go:145.43,151.17 3 0
project3/controllers/product_controllers.go:151.17,153.4 1 0
project3/controllers/product_controllers.go:163.53,165.16 2 1
project3/controllers/product_controllers.go:168.2,168.20 1 1
project3/controllers/product_controllers.go:171.2,171.69 1 1
project3/controllers/product_controllers.go:165.16,167.3 1 0
project3/controllers/product_controllers.go:168.20,170.3 1 0
project3/controllers/product_controllers.go:175.53,177.16 2 0
project3/controllers/product_controllers.go:180.2,181.16 2 0
project3/controllers/product_controllers.go:184.2,184.20 1 0
project3/controllers/product_controllers.go:187.2,189.69 3 0
project3/controllers/product_controllers.go:177.16,179.3 1 0
project3/controllers/product_controllers.go:181.16,183.3 1 0
project3/controllers/product_controllers.go:184.20,186.3 1 0
project3/controllers/product_controllers.go:193.65,195.16 2 0
project3/controllers/product_controllers.go:198.2,199.16 2 0
project3/controllers/product_controllers.go:202.2,202.20 1 0
project3/controllers/product_controllers.go:205.2,205.69 1 0
project3/controllers/product_controllers.go:195.16,197.3 1 0
project3/controllers/product_controllers.go:199.16,201.3 1 0
project3/controllers/product_controllers.go:202.20,204.3 1 0
project3/controllers/product_controllers.go:209.58,212.16 3 0
project3/controllers/product_controllers.go:215.2,215.20 1 0
project3/controllers/product_controllers.go:218.2,218.69 1 0
project3/controllers/product_controllers.go:212.16,214.3 1 0
project3/controllers/product_controllers.go:215.20,217.3 1 0
project3/controllers/users_controllers.go:16.50,18.38 2 0
project3/controllers/users_controllers.go:21.2,21.28 1 0
project3/controllers/users_controllers.go:24.2,26.21 3 0
project3/controllers/users_controllers.go:29.2,29.22 1 0
project3/controllers/users_controllers.go:32.2,34.15 3 0
project3/controllers/users_controllers.go:38.2,38.14 1 0
project3/controllers/users_controllers.go:41.2,42.16 2 0
project3/controllers/users_controllers.go:45.2,49.16 3 0
project3/controllers/users_controllers.go:52.2,52.65 1 0
project3/controllers/users_controllers.go:18.38,20.3 1 0
project3/controllers/users_controllers.go:21.28,23.3 1 0
project3/controllers/users_controllers.go:26.21,28.3 1 0
project3/controllers/users_controllers.go:29.22,31.3 1 0
project3/controllers/users_controllers.go:34.15,37.3 2 0
project3/controllers/users_controllers.go:38.14,40.3 1 0
project3/controllers/users_controllers.go:42.16,44.3 1 0
project3/controllers/users_controllers.go:49.16,51.3 1 0
project3/controllers/users_controllers.go:55.47,58.31 3 0
project3/controllers/users_controllers.go:61.2,61.66 1 0
project3/controllers/users_controllers.go:58.31,60.3 1 0
project3/controllers/users_controllers.go:64.50,69.16 5 0
project3/controllers/users_controllers.go:72.2,72.65 1 0
project3/controllers/users_controllers.go:69.16,71.3 1 0
project3/controllers/users_controllers.go:75.50,78.16 3 0
project3/controllers/users_controllers.go:81.2,81.65 1 0
project3/controllers/users_controllers.go:78.16,80.3 1 0
project3/controllers/users_controllers.go:85.49,89.30 4 0
project3/controllers/users_controllers.go:93.2,93.68 1 0
project3/controllers/users_controllers.go:89.30,91.3 1 0
