mode: set
project3/controllers/product_controllers.go:21.53,29.21 6 1
project3/controllers/product_controllers.go:32.2,35.21 4 1
project3/controllers/product_controllers.go:38.2,41.21 4 1
project3/controllers/product_controllers.go:44.2,51.16 7 1
project3/controllers/product_controllers.go:56.2,56.43 1 1
project3/controllers/product_controllers.go:67.2,72.16 4 1
project3/controllers/product_controllers.go:77.2,78.16 2 0
project3/controllers/product_controllers.go:81.2,83.29 2 0
project3/controllers/product_controllers.go:115.2,118.4 1 0
project3/controllers/product_controllers.go:29.21,31.3 1 0
project3/controllers/product_controllers.go:35.21,37.3 1 0
project3/controllers/product_controllers.go:41.21,43.3 1 0
project3/controllers/product_controllers.go:51.16,53.3 1 0
project3/controllers/product_controllers.go:56.43,62.17 3 1
project3/controllers/product_controllers.go:62.17,64.4 1 1
project3/controllers/product_controllers.go:72.16,74.3 1 1
project3/controllers/product_controllers.go:78.16,80.3 1 0
project3/controllers/product_controllers.go:83.29,85.17 2 0
project3/controllers/product_controllers.go:88.3,92.45 3 0
project3/controllers/product_controllers.go:96.3,96.36 1 0
project3/controllers/product_controllers.go:100.3,101.17 2 0
project3/controllers/product_controllers.go:104.3,110.17 3 0
project3/controllers/product_controllers.go:85.17,87.4 1 0
project3/controllers/product_controllers.go:92.45,94.4 1 0
project3/controllers/product_controllers.go:96.36,98.4 1 0
project3/controllers/product_controllers.go:101.17,103.4 1 0
project3/controllers/product_controllers.go:110.17,112.4 1 0
project3/controllers/product_controllers.go:122.53,124.16 2 1
project3/controllers/product_controllers.go:127.2,127.20 1 1
project3/controllers/product_controllers.go:130.2,130.69 1 1
project3/controllers/product_controllers.go:124.16,126.3 1 1
project3/controllers/product_controllers.go:127.20,129.3 1 1
project3/controllers/product_controllers.go:134.53,136.16 2 0
project3/controllers/product_controllers.go:139.2,140.16 2 0
project3/controllers/product_controllers.go:143.2,143.20 1 0
project3/controllers/product_controllers.go:146.2,148.69 3 0
project3/controllers/product_controllers.go:136.16,138.3 1 0
project3/controllers/product_controllers.go:140.16,142.3 1 0
project3/controllers/product_controllers.go:143.20,145.3 1 0
project3/controllers/product_controllers.go:152.65,154.16 2 0
project3/controllers/product_controllers.go:157.2,158.16 2 0
project3/controllers/product_controllers.go:161.2,161.20 1 0
project3/controllers/product_controllers.go:164.2,164.69 1 0
project3/controllers/product_controllers.go:154.16,156.3 1 0
project3/controllers/product_controllers.go:158.16,160.3 1 0
project3/controllers/product_controllers.go:161.20,163.3 1 0
project3/controllers/product_controllers.go:168.58,171.16 3 0
project3/controllers/product_controllers.go:174.2,174.20 1 0
project3/controllers/product_controllers.go:177.2,177.69 1 0
project3/controllers/product_controllers.go:171.16,173.3 1 0
project3/controllers/product_controllers.go:174.20,176.3 1 0
project3/controllers/users_controllers.go:16.50,18.38 2 0
project3/controllers/users_controllers.go:21.2,21.28 1 0
project3/controllers/users_controllers.go:24.2,26.21 3 0
project3/controllers/users_controllers.go:29.2,29.22 1 0
project3/controllers/users_controllers.go:32.2,34.15 3 0
project3/controllers/users_controllers.go:38.2,38.14 1 0
project3/controllers/users_controllers.go:41.2,42.16 2 0
project3/controllers/users_controllers.go:45.2,49.16 3 0
project3/controllers/users_controllers.go:52.2,52.65 1 0
project3/controllers/users_controllers.go:18.38,20.3 1 0
project3/controllers/users_controllers.go:21.28,23.3 1 0
project3/controllers/users_controllers.go:26.21,28.3 1 0
project3/controllers/users_controllers.go:29.22,31.3 1 0
project3/controllers/users_controllers.go:34.15,37.3 2 0
project3/controllers/users_controllers.go:38.14,40.3 1 0
project3/controllers/users_controllers.go:42.16,44.3 1 0
project3/controllers/users_controllers.go:49.16,51.3 1 0
project3/controllers/users_controllers.go:55.47,58.31 3 0
project3/controllers/users_controllers.go:61.2,61.66 1 0
project3/controllers/users_controllers.go:58.31,60.3 1 0
project3/controllers/users_controllers.go:64.50,69.16 5 0
project3/controllers/users_controllers.go:72.2,72.65 1 0
project3/controllers/users_controllers.go:69.16,71.3 1 0
project3/controllers/users_controllers.go:75.50,78.16 3 0
project3/controllers/users_controllers.go:81.2,81.65 1 0
project3/controllers/users_controllers.go:78.16,80.3 1 0
project3/controllers/users_controllers.go:85.49,89.30 4 0
project3/controllers/users_controllers.go:93.2,93.68 1 0
project3/controllers/users_controllers.go:89.30,91.3 1 0
